<?xml version="1.0" encoding="UTF-8"?>
<!-- Generated by org.testng.reporters.JUnitReportReporter -->
<testsuite hostname="DESKTOP-GH4MG5E" failures="0" tests="1" name="tests.RegisterTest" time="5.270" errors="0" timestamp="2025-08-21T23:46:01 IST" skipped="0">
  <testcase classname="tests.RegisterTest" name="testRegister" time="5.270"/>
</testsuite> <!-- tests.RegisterTest -->
