<?xml version="1.0" encoding="UTF-8"?>
<!-- Generated by org.testng.reporters.JUnitReportReporter -->
<testsuite hostname="DESKTOP-GH4MG5E" failures="0" tests="1" name="tests.RegsiterTest" time="6.895" errors="0" timestamp="2025-07-14T23:49:35 IST" skipped="0">
  <testcase classname="tests.RegsiterTest" name="testRegister" time="6.895"/>
</testsuite> <!-- tests.RegsiterTest -->
